<?xml version="1.0" encoding="UTF-8"?>
<!-- Generated by org.testng.reporters.JUnitReportReporter -->
<testsuite skipped="0" hostname="Likitha" name="demoMaven.AppiumTest" tests="2" failures="0" timestamp="24 Apr 2020 12:38:18 GMT" time="0.012" errors="0">
  <testcase name="demoAppium1" time="0.001" classname="demoMaven.AppiumTest"/>
  <testcase name="demoAppium" time="0.011" classname="demoMaven.AppiumTest"/>
</testsuite> <!-- demoMaven.AppiumTest -->
