<?xml version="1.0" encoding="UTF-8"?>
<!-- Generated by org.testng.reporters.JUnitReportReporter -->
<testsuite skipped="0" hostname="Likitha" name="demoMaven.WebTest" tests="2" failures="0" timestamp="24 Apr 2020 12:38:18 GMT" time="0.001" errors="0">
  <testcase name="demoWeb1" time="0.000" classname="demoMaven.WebTest"/>
  <testcase name="demoWeb" time="0.001" classname="demoMaven.WebTest"/>
</testsuite> <!-- demoMaven.WebTest -->
